<?xml version="1.0" encoding="UTF-8"?>
<!-- Generated by org.testng.reporters.JUnitXMLReporter -->
<testsuite ignored="0" hostname="yogesh" failures="0" tests="1" name="Test" time="0.035" errors="0" timestamp="2021-09-25T09:54:54 IST">
  <testcase classname="com.urbanLadder.testCases.BaseClass" name="@BeforeClass setup" time="-1.632543894171E9">
    <failure type="org.testng.TestNGException" message="
Parameter &amp;apos;browser&amp;apos; is required by BeforeClass on method setup but has not been marked @Optional or defined
in D:\workspace\urbanLadder\testng.xml">
      <![CDATA[org.testng.TestNGException: 
Parameter 'browser' is required by BeforeClass on method setup but has not been marked @Optional or defined
in D:\workspace\urbanLadder\testng.xml
at java.base/java.util.ArrayList.forEach(ArrayList.java:1511)
... Removed 22 stack frames]]>
    </failure>
  </testcase> <!-- @BeforeClass setup -->
  <testcase classname="com.urbanLadder.testCases.TC_GetAddressOfChennaiStore" name="getAddress" time="0.001">
    <skipped/>
  </testcase> <!-- getAddress -->
</testsuite> <!-- Test -->
